{"level":"info","message":"Server running on port 6000","timestamp":"2025-06-11T13:54:29.607Z"}
{"level":"info","message":"MongoDB connected successfully","timestamp":"2025-06-11T13:54:31.873Z"}
{"level":"error","message":"Error in UserMiddleware: Cannot destructure property 'phoneNumber' of 'req.body' as it is undefined.","stack":"TypeError: Cannot destructure property 'phoneNumber' of 'req.body' as it is undefined.\n    at userMiddleware (file:///C:/Users/AHMAD/Desktop/GoCar/src/middlewares/userMiddleware.js:8:17)\n    at Layer.handleRequest (C:\\Users\\AHMAD\\Desktop\\GoCar\\node_modules\\router\\lib\\layer.js:152:17)\n    at next (C:\\Users\\AHMAD\\Desktop\\GoCar\\node_modules\\router\\lib\\route.js:157:13)\n    at Route.dispatch (C:\\Users\\AHMAD\\Desktop\\GoCar\\node_modules\\router\\lib\\route.js:117:3)\n    at handle (C:\\Users\\AHMAD\\Desktop\\GoCar\\node_modules\\router\\index.js:435:11)\n    at Layer.handleRequest (C:\\Users\\AHMAD\\Desktop\\GoCar\\node_modules\\router\\lib\\layer.js:152:17)\n    at C:\\Users\\AHMAD\\Desktop\\GoCar\\node_modules\\router\\index.js:295:15\n    at processParams (C:\\Users\\AHMAD\\Desktop\\GoCar\\node_modules\\router\\index.js:582:12)\n    at next (C:\\Users\\AHMAD\\Desktop\\GoCar\\node_modules\\router\\index.js:291:5)\n    at Function.handle (C:\\Users\\AHMAD\\Desktop\\GoCar\\node_modules\\router\\index.js:186:3)","timestamp":"2025-06-11T13:55:47.774Z"}
{"level":"info","message":"::1 - - [11/Jun/2025:13:55:47 +0000] \"POST /api/driver/register HTTP/1.1\" 500 51 \"-\" \"PostmanRuntime/7.44.0\"","timestamp":"2025-06-11T13:55:47.778Z"}
{"level":"error","message":"Error in UserMiddleware: Cannot destructure property 'phoneNumber' of 'req.body' as it is undefined.","stack":"TypeError: Cannot destructure property 'phoneNumber' of 'req.body' as it is undefined.\n    at userMiddleware (file:///C:/Users/AHMAD/Desktop/GoCar/src/middlewares/userMiddleware.js:8:17)\n    at Layer.handleRequest (C:\\Users\\AHMAD\\Desktop\\GoCar\\node_modules\\router\\lib\\layer.js:152:17)\n    at next (C:\\Users\\AHMAD\\Desktop\\GoCar\\node_modules\\router\\lib\\route.js:157:13)\n    at Route.dispatch (C:\\Users\\AHMAD\\Desktop\\GoCar\\node_modules\\router\\lib\\route.js:117:3)\n    at handle (C:\\Users\\AHMAD\\Desktop\\GoCar\\node_modules\\router\\index.js:435:11)\n    at Layer.handleRequest (C:\\Users\\AHMAD\\Desktop\\GoCar\\node_modules\\router\\lib\\layer.js:152:17)\n    at C:\\Users\\AHMAD\\Desktop\\GoCar\\node_modules\\router\\index.js:295:15\n    at processParams (C:\\Users\\AHMAD\\Desktop\\GoCar\\node_modules\\router\\index.js:582:12)\n    at next (C:\\Users\\AHMAD\\Desktop\\GoCar\\node_modules\\router\\index.js:291:5)\n    at Function.handle (C:\\Users\\AHMAD\\Desktop\\GoCar\\node_modules\\router\\index.js:186:3)","timestamp":"2025-06-11T13:58:30.860Z"}
{"level":"info","message":"::1 - - [11/Jun/2025:13:58:30 +0000] \"POST /api/driver/register HTTP/1.1\" 500 51 \"-\" \"PostmanRuntime/7.44.0\"","timestamp":"2025-06-11T13:58:30.861Z"}
{"level":"error","message":"Error in UserMiddleware: Cannot destructure property 'phoneNumber' of 'req.body' as it is undefined.","stack":"TypeError: Cannot destructure property 'phoneNumber' of 'req.body' as it is undefined.\n    at userMiddleware (file:///C:/Users/AHMAD/Desktop/GoCar/src/middlewares/userMiddleware.js:8:17)\n    at Layer.handleRequest (C:\\Users\\AHMAD\\Desktop\\GoCar\\node_modules\\router\\lib\\layer.js:152:17)\n    at next (C:\\Users\\AHMAD\\Desktop\\GoCar\\node_modules\\router\\lib\\route.js:157:13)\n    at Route.dispatch (C:\\Users\\AHMAD\\Desktop\\GoCar\\node_modules\\router\\lib\\route.js:117:3)\n    at handle (C:\\Users\\AHMAD\\Desktop\\GoCar\\node_modules\\router\\index.js:435:11)\n    at Layer.handleRequest (C:\\Users\\AHMAD\\Desktop\\GoCar\\node_modules\\router\\lib\\layer.js:152:17)\n    at C:\\Users\\AHMAD\\Desktop\\GoCar\\node_modules\\router\\index.js:295:15\n    at processParams (C:\\Users\\AHMAD\\Desktop\\GoCar\\node_modules\\router\\index.js:582:12)\n    at next (C:\\Users\\AHMAD\\Desktop\\GoCar\\node_modules\\router\\index.js:291:5)\n    at Function.handle (C:\\Users\\AHMAD\\Desktop\\GoCar\\node_modules\\router\\index.js:186:3)","timestamp":"2025-06-11T13:58:32.391Z"}
{"level":"info","message":"::1 - - [11/Jun/2025:13:58:32 +0000] \"POST /api/driver/register HTTP/1.1\" 500 51 \"-\" \"PostmanRuntime/7.44.0\"","timestamp":"2025-06-11T13:58:32.393Z"}
{"level":"error","message":"Error in UserMiddleware: Cannot destructure property 'phoneNumber' of 'req.body' as it is undefined.","stack":"TypeError: Cannot destructure property 'phoneNumber' of 'req.body' as it is undefined.\n    at userMiddleware (file:///C:/Users/AHMAD/Desktop/GoCar/src/middlewares/userMiddleware.js:8:17)\n    at Layer.handleRequest (C:\\Users\\AHMAD\\Desktop\\GoCar\\node_modules\\router\\lib\\layer.js:152:17)\n    at next (C:\\Users\\AHMAD\\Desktop\\GoCar\\node_modules\\router\\lib\\route.js:157:13)\n    at Route.dispatch (C:\\Users\\AHMAD\\Desktop\\GoCar\\node_modules\\router\\lib\\route.js:117:3)\n    at handle (C:\\Users\\AHMAD\\Desktop\\GoCar\\node_modules\\router\\index.js:435:11)\n    at Layer.handleRequest (C:\\Users\\AHMAD\\Desktop\\GoCar\\node_modules\\router\\lib\\layer.js:152:17)\n    at C:\\Users\\AHMAD\\Desktop\\GoCar\\node_modules\\router\\index.js:295:15\n    at processParams (C:\\Users\\AHMAD\\Desktop\\GoCar\\node_modules\\router\\index.js:582:12)\n    at next (C:\\Users\\AHMAD\\Desktop\\GoCar\\node_modules\\router\\index.js:291:5)\n    at Function.handle (C:\\Users\\AHMAD\\Desktop\\GoCar\\node_modules\\router\\index.js:186:3)","timestamp":"2025-06-11T13:58:33.795Z"}
{"level":"info","message":"::1 - - [11/Jun/2025:13:58:33 +0000] \"POST /api/driver/register HTTP/1.1\" 500 51 \"-\" \"PostmanRuntime/7.44.0\"","timestamp":"2025-06-11T13:58:33.796Z"}
{"level":"error","message":"Error in UserMiddleware: Cannot destructure property 'phoneNumber' of 'req.body' as it is undefined.","stack":"TypeError: Cannot destructure property 'phoneNumber' of 'req.body' as it is undefined.\n    at userMiddleware (file:///C:/Users/AHMAD/Desktop/GoCar/src/middlewares/userMiddleware.js:8:17)\n    at Layer.handleRequest (C:\\Users\\AHMAD\\Desktop\\GoCar\\node_modules\\router\\lib\\layer.js:152:17)\n    at next (C:\\Users\\AHMAD\\Desktop\\GoCar\\node_modules\\router\\lib\\route.js:157:13)\n    at Route.dispatch (C:\\Users\\AHMAD\\Desktop\\GoCar\\node_modules\\router\\lib\\route.js:117:3)\n    at handle (C:\\Users\\AHMAD\\Desktop\\GoCar\\node_modules\\router\\index.js:435:11)\n    at Layer.handleRequest (C:\\Users\\AHMAD\\Desktop\\GoCar\\node_modules\\router\\lib\\layer.js:152:17)\n    at C:\\Users\\AHMAD\\Desktop\\GoCar\\node_modules\\router\\index.js:295:15\n    at processParams (C:\\Users\\AHMAD\\Desktop\\GoCar\\node_modules\\router\\index.js:582:12)\n    at next (C:\\Users\\AHMAD\\Desktop\\GoCar\\node_modules\\router\\index.js:291:5)\n    at Function.handle (C:\\Users\\AHMAD\\Desktop\\GoCar\\node_modules\\router\\index.js:186:3)","timestamp":"2025-06-11T13:58:35.481Z"}
{"level":"info","message":"::1 - - [11/Jun/2025:13:58:35 +0000] \"POST /api/driver/register HTTP/1.1\" 500 51 \"-\" \"PostmanRuntime/7.44.0\"","timestamp":"2025-06-11T13:58:35.482Z"}
{"level":"info","message":"Server running on port 6000","timestamp":"2025-06-11T14:02:13.683Z"}
{"level":"info","message":"MongoDB connected successfully","timestamp":"2025-06-11T14:02:16.384Z"}
{"level":"info","message":"Server running on port 6000","timestamp":"2025-06-11T14:02:19.351Z"}
{"level":"info","message":"MongoDB connected successfully","timestamp":"2025-06-11T14:02:21.218Z"}
{"level":"error","message":"Error registering Driver: Illegal arguments: undefined, string","timestamp":"2025-06-11T14:02:21.434Z"}
{"level":"info","message":"::1 - - [11/Jun/2025:14:02:21 +0000] \"POST /api/driver/register HTTP/1.1\" 500 66 \"-\" \"PostmanRuntime/7.44.0\"","timestamp":"2025-06-11T14:02:21.437Z"}
{"level":"info","message":"Server running on port 6000","timestamp":"2025-06-11T14:04:35.386Z"}
{"level":"info","message":"MongoDB connected successfully","timestamp":"2025-06-11T14:04:37.528Z"}
{"level":"error","message":"Error registering Driver: Illegal arguments: undefined, string","timestamp":"2025-06-11T14:04:43.198Z"}
{"level":"info","message":"::1 - - [11/Jun/2025:14:04:43 +0000] \"POST /api/driver/register HTTP/1.1\" 500 66 \"-\" \"PostmanRuntime/7.44.0\"","timestamp":"2025-06-11T14:04:43.202Z"}
{"level":"error","message":"Error registering Driver: Illegal arguments: undefined, string","timestamp":"2025-06-11T14:04:44.818Z"}
{"level":"info","message":"::1 - - [11/Jun/2025:14:04:44 +0000] \"POST /api/driver/register HTTP/1.1\" 500 66 \"-\" \"PostmanRuntime/7.44.0\"","timestamp":"2025-06-11T14:04:44.819Z"}
{"level":"error","message":"Error in UserMiddleware: Cannot destructure property 'phoneNumber' of 'req.body' as it is undefined.","stack":"TypeError: Cannot destructure property 'phoneNumber' of 'req.body' as it is undefined.\n    at userMiddleware (file:///C:/Users/AHMAD/Desktop/GoCar/src/middlewares/userMiddleware.js:8:17)\n    at Layer.handleRequest (C:\\Users\\AHMAD\\Desktop\\GoCar\\node_modules\\router\\lib\\layer.js:152:17)\n    at next (C:\\Users\\AHMAD\\Desktop\\GoCar\\node_modules\\router\\lib\\route.js:157:13)\n    at Route.dispatch (C:\\Users\\AHMAD\\Desktop\\GoCar\\node_modules\\router\\lib\\route.js:117:3)\n    at handle (C:\\Users\\AHMAD\\Desktop\\GoCar\\node_modules\\router\\index.js:435:11)\n    at Layer.handleRequest (C:\\Users\\AHMAD\\Desktop\\GoCar\\node_modules\\router\\lib\\layer.js:152:17)\n    at C:\\Users\\AHMAD\\Desktop\\GoCar\\node_modules\\router\\index.js:295:15\n    at param (C:\\Users\\AHMAD\\Desktop\\GoCar\\node_modules\\router\\index.js:600:14)\n    at param (C:\\Users\\AHMAD\\Desktop\\GoCar\\node_modules\\router\\index.js:610:14)\n    at processParams (C:\\Users\\AHMAD\\Desktop\\GoCar\\node_modules\\router\\index.js:664:3)","timestamp":"2025-06-11T14:08:31.474Z"}
{"level":"info","message":"::1 - - [11/Jun/2025:14:08:31 +0000] \"GET /api/driver/getDriver/68498d2783e1504989bcb408 HTTP/1.1\" 500 51 \"-\" \"PostmanRuntime/7.44.0\"","timestamp":"2025-06-11T14:08:31.476Z"}
{"level":"info","message":"Server running on port 6000","timestamp":"2025-06-11T14:09:53.724Z"}
{"level":"info","message":"MongoDB connected successfully","timestamp":"2025-06-11T14:09:55.720Z"}
{"level":"info","message":"Server running on port 6000","timestamp":"2025-06-11T14:10:49.684Z"}
{"level":"info","message":"Server running on port 6000","timestamp":"2025-06-11T14:10:50.799Z"}
{"level":"info","message":"MongoDB connected successfully","timestamp":"2025-06-11T14:10:52.814Z"}
{"level":"info","message":"Server running on port 6000","timestamp":"2025-06-11T14:17:17.625Z"}
{"level":"info","message":"Server running on port 6000","timestamp":"2025-06-11T14:17:19.533Z"}
{"level":"info","message":"Server running on port 6000","timestamp":"2025-06-11T14:17:24.233Z"}
{"level":"info","message":"Server running on port 6000","timestamp":"2025-06-11T14:17:25.900Z"}
{"level":"info","message":"MongoDB connected successfully","timestamp":"2025-06-11T14:17:34.386Z"}
{"level":"info","message":"Server running on port 6000","timestamp":"2025-06-11T14:17:39.142Z"}
{"level":"info","message":"MongoDB connected successfully","timestamp":"2025-06-11T14:17:42.694Z"}
{"level":"info","message":"Server running on port 6000","timestamp":"2025-06-11T14:17:45.222Z"}
{"level":"info","message":"MongoDB connected successfully","timestamp":"2025-06-11T14:17:48.993Z"}
{"level":"info","message":"Server running on port 6000","timestamp":"2025-06-11T14:18:05.753Z"}
{"level":"info","message":"MongoDB connected successfully","timestamp":"2025-06-11T14:18:09.993Z"}
{"level":"info","message":"Server running on port 6000","timestamp":"2025-06-11T14:19:06.615Z"}
{"level":"info","message":"MongoDB connected successfully","timestamp":"2025-06-11T14:19:12.630Z"}
{"level":"info","message":"::1 - - [11/Jun/2025:14:19:48 +0000] \"PATCH /api/driver/update/68498d2783e1504989bcb408 HTTP/1.1\" 404 183 \"-\" \"PostmanRuntime/7.44.0\"","timestamp":"2025-06-11T14:19:48.344Z"}
{"level":"info","message":"Server running on port 6000","timestamp":"2025-06-11T14:20:18.796Z"}
{"level":"info","message":"MongoDB connected successfully","timestamp":"2025-06-11T14:20:22.977Z"}
{"level":"info","message":"::1 - - [11/Jun/2025:14:20:23 +0000] \"PATCH /api/driver/update/68498d2783e1504989bcb408 HTTP/1.1\" 404 183 \"-\" \"PostmanRuntime/7.44.0\"","timestamp":"2025-06-11T14:20:23.040Z"}
{"level":"info","message":"::1 - - [11/Jun/2025:14:20:25 +0000] \"PATCH /api/driver/update/68498d2783e1504989bcb408 HTTP/1.1\" 404 183 \"-\" \"PostmanRuntime/7.44.0\"","timestamp":"2025-06-11T14:20:25.259Z"}
{"level":"info","message":"::1 - - [11/Jun/2025:14:20:37 +0000] \"PATCH /api/driver/update/68498d2783e1504989bcb408 HTTP/1.1\" 404 183 \"-\" \"PostmanRuntime/7.44.0\"","timestamp":"2025-06-11T14:20:37.334Z"}
{"level":"info","message":"::1 - - [11/Jun/2025:14:21:00 +0000] \"PATCH /api/driver/update/68498d2783e1504989bcb408 HTTP/1.1\" 404 183 \"-\" \"PostmanRuntime/7.44.0\"","timestamp":"2025-06-11T14:21:00.741Z"}
{"level":"info","message":"::1 - - [11/Jun/2025:14:21:13 +0000] \"PATCH /api/driver/update/68498d2783e1504989bcb408 HTTP/1.1\" 404 183 \"-\" \"PostmanRuntime/7.44.0\"","timestamp":"2025-06-11T14:21:13.382Z"}
{"level":"info","message":"::1 - - [11/Jun/2025:14:21:14 +0000] \"PATCH /api/driver/update/68498d2783e1504989bcb408 HTTP/1.1\" 404 183 \"-\" \"PostmanRuntime/7.44.0\"","timestamp":"2025-06-11T14:21:14.268Z"}
{"level":"info","message":"::1 - - [11/Jun/2025:14:21:14 +0000] \"PATCH /api/driver/update/68498d2783e1504989bcb408 HTTP/1.1\" 404 183 \"-\" \"PostmanRuntime/7.44.0\"","timestamp":"2025-06-11T14:21:14.955Z"}
{"level":"info","message":"Server running on port 6000","timestamp":"2025-06-11T14:21:34.507Z"}
{"level":"info","message":"Server running on port 6000","timestamp":"2025-06-11T14:21:34.507Z"}
{"level":"info","message":"MongoDB connected successfully","timestamp":"2025-06-11T14:21:38.353Z"}
{"level":"info","message":"MongoDB connected successfully","timestamp":"2025-06-11T14:21:38.352Z"}
{"level":"info","message":"Server running on port 6000","timestamp":"2025-06-11T14:25:19.051Z"}
{"level":"info","message":"Server running on port 6000","timestamp":"2025-06-11T14:25:19.055Z"}
{"level":"info","message":"Server running on port 6000","timestamp":"2025-06-11T14:25:26.595Z"}
{"level":"info","message":"Server running on port 6000","timestamp":"2025-06-11T14:25:26.599Z"}
{"level":"info","message":"Server running on port 6000","timestamp":"2025-06-11T14:25:28.329Z"}
{"level":"info","message":"Server running on port 6000","timestamp":"2025-06-11T14:25:28.331Z"}
{"level":"info","message":"Server running on port 6000","timestamp":"2025-06-11T14:25:32.630Z"}
{"level":"info","message":"Server running on port 6000","timestamp":"2025-06-11T14:25:32.634Z"}
{"level":"info","message":"Server running on port 6000","timestamp":"2025-06-11T14:25:36.598Z"}
{"level":"info","message":"Server running on port 6000","timestamp":"2025-06-11T14:25:36.598Z"}
{"level":"info","message":"MongoDB connected successfully","timestamp":"2025-06-11T14:25:39.062Z"}
{"level":"info","message":"MongoDB connected successfully","timestamp":"2025-06-11T14:25:39.101Z"}
{"level":"info","message":"Server running on port 6000","timestamp":"2025-06-11T14:26:10.020Z"}
{"level":"info","message":"Server running on port 6000","timestamp":"2025-06-11T14:26:10.020Z"}
{"level":"info","message":"Server running on port 6000","timestamp":"2025-06-11T14:26:11.108Z"}
{"level":"info","message":"Server running on port 6000","timestamp":"2025-06-11T14:26:11.108Z"}
{"level":"info","message":"Server running on port 6000","timestamp":"2025-06-11T14:26:13.875Z"}
{"level":"info","message":"Server running on port 6000","timestamp":"2025-06-11T14:26:13.875Z"}
{"level":"info","message":"MongoDB connected successfully","timestamp":"2025-06-11T14:26:15.983Z"}
{"level":"error","message":"Error: read ECONNRESET","timestamp":"2025-06-11T14:26:42.581Z"}
{"level":"info","message":"Server running on port 6000","timestamp":"2025-06-11T14:27:24.466Z"}
{"level":"info","message":"Server running on port 6000","timestamp":"2025-06-11T14:27:24.591Z"}
{"level":"info","message":"MongoDB connected successfully","timestamp":"2025-06-11T14:27:26.652Z"}
{"level":"info","message":"MongoDB connected successfully","timestamp":"2025-06-11T14:27:26.653Z"}
{"level":"info","message":"Server running on port 6000","timestamp":"2025-06-11T14:29:52.665Z"}
{"level":"info","message":"Server running on port 6000","timestamp":"2025-06-11T14:29:52.663Z"}
{"level":"info","message":"Server running on port 6000","timestamp":"2025-06-11T14:29:55.489Z"}
{"level":"info","message":"Server running on port 6000","timestamp":"2025-06-11T14:29:55.489Z"}
{"level":"info","message":"MongoDB connected successfully","timestamp":"2025-06-11T14:29:57.858Z"}
{"level":"info","message":"MongoDB connected successfully","timestamp":"2025-06-11T14:29:58.226Z"}
{"level":"info","message":"::1 - - [11/Jun/2025:14:30:41 +0000] \"PATCH /api/driver/delete/68498d2783e1504989bcb408 HTTP/1.1\" 404 183 \"-\" \"PostmanRuntime/7.44.0\"","timestamp":"2025-06-11T14:30:41.737Z"}
{"level":"error","message":"Error registering Client: Cannot destructure property 'fullName' of 'req.body' as it is undefined.","timestamp":"2025-06-11T14:33:29.376Z"}
{"level":"info","message":"::1 - - [11/Jun/2025:14:33:29 +0000] \"POST /api/client/register HTTP/1.1\" 500 102 \"-\" \"PostmanRuntime/7.44.0\"","timestamp":"2025-06-11T14:33:29.377Z"}
{"level":"error","message":"Error registering Client: Cannot destructure property 'fullName' of 'req.body' as it is undefined.","timestamp":"2025-06-11T14:33:42.884Z"}
{"level":"info","message":"::1 - - [11/Jun/2025:14:33:42 +0000] \"POST /api/client/register HTTP/1.1\" 500 102 \"-\" \"PostmanRuntime/7.44.0\"","timestamp":"2025-06-11T14:33:42.886Z"}
{"level":"error","message":"Error registering Client: Cannot destructure property 'fullName' of 'req.body' as it is undefined.","timestamp":"2025-06-11T14:34:13.184Z"}
{"level":"info","message":"::1 - - [11/Jun/2025:14:34:13 +0000] \"POST /api/client/register HTTP/1.1\" 500 102 \"-\" \"PostmanRuntime/7.44.0\"","timestamp":"2025-06-11T14:34:13.185Z"}
{"level":"error","message":"Error registering Client: Cannot destructure property 'fullName' of 'req.body' as it is undefined.","timestamp":"2025-06-11T14:39:19.475Z"}
{"level":"info","message":"::1 - - [11/Jun/2025:14:39:19 +0000] \"POST /api/client/register HTTP/1.1\" 500 102 \"-\" \"PostmanRuntime/7.44.0\"","timestamp":"2025-06-11T14:39:19.477Z"}
{"level":"error","message":"Error registering Client: Cannot destructure property 'fullName' of 'req.body' as it is undefined.","timestamp":"2025-06-11T14:39:22.495Z"}
{"level":"info","message":"::1 - - [11/Jun/2025:14:39:22 +0000] \"POST /api/client/register HTTP/1.1\" 500 102 \"-\" \"PostmanRuntime/7.44.0\"","timestamp":"2025-06-11T14:39:22.496Z"}
{"level":"error","message":"Error registering Client: Cannot destructure property 'fullName' of 'req.body' as it is undefined.","timestamp":"2025-06-11T14:39:23.593Z"}
{"level":"info","message":"::1 - - [11/Jun/2025:14:39:23 +0000] \"POST /api/client/register HTTP/1.1\" 500 102 \"-\" \"PostmanRuntime/7.44.0\"","timestamp":"2025-06-11T14:39:23.595Z"}
{"level":"error","message":"Error registering Client: Cannot destructure property 'fullName' of 'req.body' as it is undefined.","timestamp":"2025-06-11T14:39:24.416Z"}
{"level":"info","message":"::1 - - [11/Jun/2025:14:39:24 +0000] \"POST /api/client/register HTTP/1.1\" 500 102 \"-\" \"PostmanRuntime/7.44.0\"","timestamp":"2025-06-11T14:39:24.417Z"}
{"level":"error","message":"Error registering Client: Cannot destructure property 'fullName' of 'req.body' as it is undefined.","timestamp":"2025-06-11T14:39:30.931Z"}
{"level":"info","message":"::1 - - [11/Jun/2025:14:39:30 +0000] \"POST /api/client/register HTTP/1.1\" 500 102 \"-\" \"PostmanRuntime/7.44.0\"","timestamp":"2025-06-11T14:39:30.932Z"}
{"level":"error","message":"Error registering Client: Cannot destructure property 'fullName' of 'req.body' as it is undefined.","timestamp":"2025-06-11T14:39:32.189Z"}
{"level":"info","message":"::1 - - [11/Jun/2025:14:39:32 +0000] \"POST /api/client/register HTTP/1.1\" 500 102 \"-\" \"PostmanRuntime/7.44.0\"","timestamp":"2025-06-11T14:39:32.190Z"}
{"level":"info","message":"::1 - - [11/Jun/2025:14:45:03 +0000] \"GET /api/driver/getClient/684996301701ea6ea8019472 HTTP/1.1\" 404 184 \"-\" \"PostmanRuntime/7.44.0\"","timestamp":"2025-06-11T14:45:03.304Z"}
{"level":"info","message":"::1 - - [11/Jun/2025:14:45:36 +0000] \"PATCH /api/client/update/684996301701ea6ea8019472 HTTP/1.1\" 404 183 \"-\" \"PostmanRuntime/7.44.0\"","timestamp":"2025-06-11T14:45:36.800Z"}
{"level":"info","message":"::1 - - [11/Jun/2025:14:46:13 +0000] \"PATCH /api/client/update/684996301701ea6ea8019472 HTTP/1.1\" 404 183 \"-\" \"PostmanRuntime/7.44.0\"","timestamp":"2025-06-11T14:46:13.900Z"}
{"level":"info","message":"Server running on port 6000","timestamp":"2025-06-11T14:47:05.803Z"}
{"level":"info","message":"Server running on port 6000","timestamp":"2025-06-11T14:47:05.803Z"}
{"level":"info","message":"MongoDB connected successfully","timestamp":"2025-06-11T14:47:07.996Z"}
{"level":"info","message":"MongoDB connected successfully","timestamp":"2025-06-11T14:47:07.996Z"}
{"level":"info","message":"Server running on port 6000","timestamp":"2025-06-11T15:32:14.953Z"}
{"level":"info","message":"MongoDB connected successfully","timestamp":"2025-06-11T15:32:24.688Z"}
{"level":"info","message":"Server running on port 6000","timestamp":"2025-06-11T15:45:47.218Z"}
{"level":"info","message":"MongoDB connected successfully","timestamp":"2025-06-11T15:45:48.380Z"}
{"level":"info","message":"Server running on port 6000","timestamp":"2025-06-11T15:46:01.415Z"}
{"level":"info","message":"MongoDB connected successfully","timestamp":"2025-06-11T15:46:02.547Z"}
{"level":"info","message":"Server running on port 6000","timestamp":"2025-06-11T15:46:05.753Z"}
{"level":"info","message":"Server running on port 6000","timestamp":"2025-06-11T15:46:11.025Z"}
{"level":"info","message":"MongoDB connected successfully","timestamp":"2025-06-11T15:46:12.153Z"}
{"level":"info","message":"Server running on port 6000","timestamp":"2025-06-11T15:46:24.749Z"}
{"level":"info","message":"MongoDB connected successfully","timestamp":"2025-06-11T15:46:25.791Z"}
{"level":"info","message":"Server running on port 6000","timestamp":"2025-06-11T15:46:28.996Z"}
{"level":"info","message":"MongoDB connected successfully","timestamp":"2025-06-11T15:46:31.061Z"}
{"level":"info","message":"Server running on port 6000","timestamp":"2025-06-11T15:47:01.165Z"}
{"level":"info","message":"MongoDB connected successfully","timestamp":"2025-06-11T15:47:02.412Z"}
{"level":"info","message":"Server running on port 6000","timestamp":"2025-06-11T15:47:36.997Z"}
{"level":"info","message":"MongoDB connected successfully","timestamp":"2025-06-11T15:47:38.012Z"}
{"level":"error","message":"Error registering Client: newUser is not defined","timestamp":"2025-06-11T15:47:55.663Z"}
{"level":"info","message":"::1 - - [11/Jun/2025:15:47:55 +0000] \"POST /api/client/register HTTP/1.1\" 500 52 \"-\" \"PostmanRuntime/7.44.0\"","timestamp":"2025-06-11T15:47:55.668Z"}
{"level":"info","message":"Server running on port 6000","timestamp":"2025-06-11T15:48:13.649Z"}
{"level":"info","message":"Server running on port 6000","timestamp":"2025-06-11T15:48:14.838Z"}
{"level":"info","message":"MongoDB connected successfully","timestamp":"2025-06-11T15:48:16.101Z"}
{"level":"error","message":"Error registering Client: secretOrPrivateKey must have a value","timestamp":"2025-06-11T15:49:17.423Z"}
{"level":"info","message":"::1 - - [11/Jun/2025:15:49:17 +0000] \"POST /api/client/register HTTP/1.1\" 500 66 \"-\" \"PostmanRuntime/7.44.0\"","timestamp":"2025-06-11T15:49:17.428Z"}
{"level":"error","message":"Error registering Client: secretOrPrivateKey must have a value","timestamp":"2025-06-11T15:49:27.931Z"}
{"level":"info","message":"::1 - - [11/Jun/2025:15:49:27 +0000] \"POST /api/client/register HTTP/1.1\" 500 66 \"-\" \"PostmanRuntime/7.44.0\"","timestamp":"2025-06-11T15:49:27.933Z"}
{"level":"error","message":"Error registering Client: secretOrPrivateKey must have a value","timestamp":"2025-06-11T15:50:55.888Z"}
{"level":"info","message":"::1 - - [11/Jun/2025:15:50:55 +0000] \"POST /api/client/register HTTP/1.1\" 500 66 \"-\" \"PostmanRuntime/7.44.0\"","timestamp":"2025-06-11T15:50:55.889Z"}
{"level":"error","message":"Error registering Client: secretOrPrivateKey must have a value","timestamp":"2025-06-11T15:50:57.646Z"}
{"level":"info","message":"::1 - - [11/Jun/2025:15:50:57 +0000] \"POST /api/client/register HTTP/1.1\" 500 66 \"-\" \"PostmanRuntime/7.44.0\"","timestamp":"2025-06-11T15:50:57.647Z"}
{"level":"error","message":"Error registering Client: secretOrPrivateKey must have a value","timestamp":"2025-06-11T15:51:42.786Z"}
{"level":"info","message":"::1 - - [11/Jun/2025:15:51:42 +0000] \"POST /api/client/register HTTP/1.1\" 500 66 \"-\" \"PostmanRuntime/7.44.0\"","timestamp":"2025-06-11T15:51:42.788Z"}
{"level":"error","message":"Error registering Client: secretOrPrivateKey must have a value","timestamp":"2025-06-11T15:51:44.172Z"}
{"level":"info","message":"::1 - - [11/Jun/2025:15:51:44 +0000] \"POST /api/client/register HTTP/1.1\" 500 66 \"-\" \"PostmanRuntime/7.44.0\"","timestamp":"2025-06-11T15:51:44.174Z"}
{"level":"info","message":"Server running on port 6000","timestamp":"2025-06-11T15:51:55.293Z"}
{"level":"info","message":"MongoDB connected successfully","timestamp":"2025-06-11T15:51:56.343Z"}
{"level":"error","message":"Error registering Client: secretOrPrivateKey must have a value","timestamp":"2025-06-11T15:52:01.123Z"}
{"level":"info","message":"::1 - - [11/Jun/2025:15:52:01 +0000] \"POST /api/client/register HTTP/1.1\" 500 66 \"-\" \"PostmanRuntime/7.44.0\"","timestamp":"2025-06-11T15:52:01.124Z"}
{"level":"error","message":"Error registering Client: secretOrPrivateKey must have a value","timestamp":"2025-06-11T15:52:02.496Z"}
{"level":"info","message":"::1 - - [11/Jun/2025:15:52:02 +0000] \"POST /api/client/register HTTP/1.1\" 500 66 \"-\" \"PostmanRuntime/7.44.0\"","timestamp":"2025-06-11T15:52:02.498Z"}
{"level":"error","message":"Error registering Client: secretOrPrivateKey must have a value","timestamp":"2025-06-11T15:52:03.777Z"}
{"level":"info","message":"::1 - - [11/Jun/2025:15:52:03 +0000] \"POST /api/client/register HTTP/1.1\" 500 66 \"-\" \"PostmanRuntime/7.44.0\"","timestamp":"2025-06-11T15:52:03.779Z"}
{"level":"info","message":"Server running on port 6000","timestamp":"2025-06-11T15:58:00.040Z"}
{"level":"info","message":"MongoDB connected successfully","timestamp":"2025-06-11T15:58:01.131Z"}
{"level":"error","message":"Error registering Client: secretOrPrivateKey must have a value","timestamp":"2025-06-11T15:58:04.327Z"}
{"level":"info","message":"::1 - - [11/Jun/2025:15:58:04 +0000] \"POST /api/client/register HTTP/1.1\" 500 66 \"-\" \"PostmanRuntime/7.44.0\"","timestamp":"2025-06-11T15:58:04.328Z"}
{"level":"error","message":"Error registering Client: secretOrPrivateKey must have a value","timestamp":"2025-06-11T15:58:05.574Z"}
{"level":"info","message":"::1 - - [11/Jun/2025:15:58:05 +0000] \"POST /api/client/register HTTP/1.1\" 500 66 \"-\" \"PostmanRuntime/7.44.0\"","timestamp":"2025-06-11T15:58:05.575Z"}
{"level":"info","message":"Server running on port 6000","timestamp":"2025-06-11T15:58:14.714Z"}
{"level":"info","message":"Server running on port 6000","timestamp":"2025-06-11T15:58:14.714Z"}
{"level":"info","message":"MongoDB connected successfully","timestamp":"2025-06-11T15:58:15.850Z"}
{"level":"info","message":"MongoDB connected successfully","timestamp":"2025-06-11T15:58:16.331Z"}
{"level":"info","message":"Server running on port 6000","timestamp":"2025-06-11T15:58:19.547Z"}
{"level":"info","message":"Server running on port 6000","timestamp":"2025-06-11T15:58:19.548Z"}
{"level":"info","message":"Server running on port 6000","timestamp":"2025-06-11T15:58:22.345Z"}
{"level":"info","message":"Server running on port 6000","timestamp":"2025-06-11T15:58:22.345Z"}
{"level":"info","message":"MongoDB connected successfully","timestamp":"2025-06-11T15:58:23.341Z"}
{"level":"info","message":"MongoDB connected successfully","timestamp":"2025-06-11T15:58:23.341Z"}
{"level":"info","message":"Server running on port 6000","timestamp":"2025-06-11T15:58:24.722Z"}
{"level":"info","message":"Server running on port 6000","timestamp":"2025-06-11T15:58:24.723Z"}
{"level":"info","message":"MongoDB connected successfully","timestamp":"2025-06-11T15:58:25.767Z"}
{"level":"info","message":"MongoDB connected successfully","timestamp":"2025-06-11T15:58:25.768Z"}
{"level":"info","message":"Server running on port 6000","timestamp":"2025-06-11T15:59:26.285Z"}
{"level":"info","message":"Server running on port 6000","timestamp":"2025-06-11T15:59:26.296Z"}
{"level":"info","message":"MongoDB connected successfully","timestamp":"2025-06-11T15:59:27.052Z"}
{"level":"info","message":"MongoDB connected successfully","timestamp":"2025-06-11T15:59:27.080Z"}
{"level":"info","message":"Server running on port 6000","timestamp":"2025-06-11T15:59:28.467Z"}
{"level":"info","message":"Server running on port 6000","timestamp":"2025-06-11T15:59:28.467Z"}
{"level":"info","message":"MongoDB connected successfully","timestamp":"2025-06-11T15:59:29.422Z"}
{"level":"info","message":"MongoDB connected successfully","timestamp":"2025-06-11T15:59:29.446Z"}
{"level":"info","message":"Server running on port 6000","timestamp":"2025-06-11T15:59:32.403Z"}
{"level":"info","message":"Server running on port 6000","timestamp":"2025-06-11T15:59:32.402Z"}
{"level":"info","message":"Server running on port 6000","timestamp":"2025-06-11T15:59:33.536Z"}
{"level":"info","message":"Server running on port 6000","timestamp":"2025-06-11T15:59:33.536Z"}
{"level":"info","message":"MongoDB connected successfully","timestamp":"2025-06-11T15:59:34.264Z"}
{"level":"info","message":"MongoDB connected successfully","timestamp":"2025-06-11T15:59:34.294Z"}
{"level":"info","message":"Server running on port 6000","timestamp":"2025-06-11T15:59:37.510Z"}
{"level":"info","message":"Server running on port 6000","timestamp":"2025-06-11T15:59:37.510Z"}
{"level":"info","message":"MongoDB connected successfully","timestamp":"2025-06-11T15:59:39.101Z"}
{"level":"info","message":"MongoDB connected successfully","timestamp":"2025-06-11T15:59:39.108Z"}
{"level":"info","message":"Server running on port 6000","timestamp":"2025-06-11T15:59:44.316Z"}
{"level":"info","message":"Server running on port 6000","timestamp":"2025-06-11T15:59:44.315Z"}
{"level":"info","message":"MongoDB connected successfully","timestamp":"2025-06-11T15:59:45.158Z"}
{"level":"info","message":"MongoDB connected successfully","timestamp":"2025-06-11T15:59:45.241Z"}
{"level":"info","message":"Server running on port 6000","timestamp":"2025-06-11T15:59:53.495Z"}
{"level":"info","message":"Server running on port 6000","timestamp":"2025-06-11T15:59:53.496Z"}
{"level":"info","message":"MongoDB connected successfully","timestamp":"2025-06-11T15:59:57.248Z"}
{"level":"info","message":"MongoDB connected successfully","timestamp":"2025-06-11T15:59:57.715Z"}
{"level":"error","message":"Error registering Driver: generateToken is not defined","timestamp":"2025-06-11T16:00:07.222Z"}
{"level":"info","message":"::1 - - [11/Jun/2025:16:00:07 +0000] \"POST /api/driver/register HTTP/1.1\" 500 58 \"-\" \"PostmanRuntime/7.44.0\"","timestamp":"2025-06-11T16:00:07.227Z"}
{"level":"info","message":"Server running on port 6000","timestamp":"2025-06-11T16:00:26.901Z"}
{"level":"info","message":"Server running on port 6000","timestamp":"2025-06-11T16:00:26.901Z"}
{"level":"info","message":"MongoDB connected successfully","timestamp":"2025-06-11T16:00:27.688Z"}
{"level":"info","message":"MongoDB connected successfully","timestamp":"2025-06-11T16:00:27.701Z"}
{"level":"error","message":"Error registering Client: E11000 duplicate key error collection: test.users index: phoneNumber_1 dup key: { phoneNumber: \"0123456789\" }","timestamp":"2025-06-11T16:04:59.048Z"}
{"level":"info","message":"::1 - - [11/Jun/2025:16:04:59 +0000] \"POST /api/client/register HTTP/1.1\" 500 141 \"-\" \"PostmanRuntime/7.44.0\"","timestamp":"2025-06-11T16:04:59.051Z"}
{"level":"info","message":"Server running on port 6000","timestamp":"2025-06-11T16:08:02.988Z"}
{"level":"info","message":"Server running on port 6000","timestamp":"2025-06-11T16:08:02.994Z"}
{"level":"info","message":"MongoDB connected successfully","timestamp":"2025-06-11T16:08:03.770Z"}
{"level":"info","message":"MongoDB connected successfully","timestamp":"2025-06-11T16:08:03.831Z"}
{"level":"info","message":"Server running on port 6000","timestamp":"2025-06-11T16:08:09.870Z"}
{"level":"info","message":"Server running on port 6000","timestamp":"2025-06-11T16:08:09.869Z"}
{"level":"info","message":"MongoDB connected successfully","timestamp":"2025-06-11T16:08:11.083Z"}
{"level":"info","message":"MongoDB connected successfully","timestamp":"2025-06-11T16:08:11.090Z"}
{"level":"info","message":"Server running on port 6000","timestamp":"2025-06-11T16:08:14.346Z"}
{"level":"info","message":"Server running on port 6000","timestamp":"2025-06-11T16:08:14.346Z"}
{"level":"info","message":"MongoDB connected successfully","timestamp":"2025-06-11T16:08:15.083Z"}
{"level":"info","message":"MongoDB connected successfully","timestamp":"2025-06-11T16:08:15.109Z"}
{"level":"info","message":"Server running on port 6000","timestamp":"2025-06-11T16:08:25.157Z"}
{"level":"info","message":"Server running on port 6000","timestamp":"2025-06-11T16:08:25.156Z"}
{"level":"info","message":"Server running on port 6000","timestamp":"2025-06-11T16:08:26.367Z"}
{"level":"info","message":"Server running on port 6000","timestamp":"2025-06-11T16:08:26.368Z"}
{"level":"info","message":"MongoDB connected successfully","timestamp":"2025-06-11T16:08:27.497Z"}
{"level":"info","message":"MongoDB connected successfully","timestamp":"2025-06-11T16:08:28.014Z"}
{"level":"info","message":"Server running on port 6000","timestamp":"2025-06-11T16:08:31.412Z"}
{"level":"info","message":"Server running on port 6000","timestamp":"2025-06-11T16:08:31.412Z"}
{"level":"info","message":"MongoDB connected successfully","timestamp":"2025-06-11T16:08:32.357Z"}
{"level":"info","message":"MongoDB connected successfully","timestamp":"2025-06-11T16:08:32.359Z"}
{"level":"info","message":"::1 - - [11/Jun/2025:16:09:26 +0000] \"GET /api/auth/login HTTP/1.1\" 404 153 \"-\" \"PostmanRuntime/7.44.0\"","timestamp":"2025-06-11T16:09:26.435Z"}
{"level":"info","message":"User logged in successfully: 0123456789101","timestamp":"2025-06-11T16:09:32.688Z"}
{"level":"warn","message":"Invalid password attempt for phone: 0123456789101","timestamp":"2025-06-11T16:10:24.939Z"}
{"level":"info","message":"::1 - - [11/Jun/2025:16:10:24 +0000] \"POST /api/auth/login HTTP/1.1\" 401 47 \"-\" \"PostmanRuntime/7.44.0\"","timestamp":"2025-06-11T16:10:24.941Z"}
{"level":"info","message":"Server running on port 6000","timestamp":"2025-06-11T16:10:37.025Z"}
{"level":"info","message":"Server running on port 6000","timestamp":"2025-06-11T16:10:37.024Z"}
{"level":"info","message":"MongoDB connected successfully","timestamp":"2025-06-11T16:10:38.027Z"}
{"level":"info","message":"MongoDB connected successfully","timestamp":"2025-06-11T16:10:38.028Z"}
{"level":"info","message":"Server running on port 6000","timestamp":"2025-06-11T16:10:40.251Z"}
{"level":"info","message":"Server running on port 6000","timestamp":"2025-06-11T16:10:40.253Z"}
{"level":"info","message":"MongoDB connected successfully","timestamp":"2025-06-11T16:10:41.282Z"}
{"level":"info","message":"MongoDB connected successfully","timestamp":"2025-06-11T16:10:41.284Z"}
{"level":"info","message":"Server running on port 6000","timestamp":"2025-06-11T16:10:43.565Z"}
{"level":"info","message":"Server running on port 6000","timestamp":"2025-06-11T16:10:43.568Z"}
{"level":"info","message":"Server running on port 6000","timestamp":"2025-06-11T16:10:45.078Z"}
{"level":"info","message":"Server running on port 6000","timestamp":"2025-06-11T16:10:45.079Z"}
{"level":"info","message":"MongoDB connected successfully","timestamp":"2025-06-11T16:10:46.028Z"}
{"level":"info","message":"MongoDB connected successfully","timestamp":"2025-06-11T16:10:46.028Z"}
{"level":"info","message":"User logged in successfully: 0123456789101","timestamp":"2025-06-11T16:10:56.917Z"}
